<?xml version="1.0" encoding="UTF-8"?>
<!-- Generated by org.testng.reporters.JUnitReportReporter -->
<testsuite hostname="hp" failures="0" tests="1" name="producttest.Example1Test" time="1.932" errors="0" timestamp="2025-07-23T10:40:19 IST" skipped="0">
  <testcase classname="producttest.Example1Test" name="orderProducts" time="1.932"/>
  <system-out>
    <![CDATA[Browser setup is done
Login successfully
Logout is done]]>
  </system-out>
</testsuite> <!-- producttest.Example1Test -->
