<?xml version="1.0" encoding="UTF-8"?>
<!-- Generated by org.testng.reporters.JUnitReportReporter -->
<testsuite hostname="hp" failures="0" tests="3" name="producttest.Example2Test" time="4.114" errors="0" timestamp="2025-07-31T11:04:33 IST" skipped="0">
  <testcase classname="producttest.Example2Test" name="orderProducts_2" time="0.515"/>
  <testcase classname="producttest.Example2Test" name="orderProducts_1" time="0.709"/>
  <testcase classname="producttest.Example2Test" name="orderProducts" time="2.890">
    <system-out>
      <![CDATA[Ramya
Ramya
Katari
 522002]]>
    </system-out>
  </testcase> <!-- orderProducts -->
  <system-out>
    <![CDATA[Browser setup is done
Login successfully
Logout is done
Login successfully
Logout is done
Login successfully
Ramya
Ramya
Katari
 522002
Logout is done]]>
  </system-out>
</testsuite> <!-- producttest.Example2Test -->
